0 info it worked if it ends with ok
1 verbose cli [ 'node', '/usr/local/bin/npm', 'publish' ]
2 info using npm@2.10.0
3 info using node@v0.12.3
4 verbose publish [ '.' ]
5 silly cache add args [ '.', null ]
6 verbose cache add spec .
7 silly cache add parsed spec { raw: '.',
7 silly cache add   scope: null,
7 silly cache add   name: null,
7 silly cache add   rawSpec: '.',
7 silly cache add   spec: '/Users/user/Dropbox/++ Projects & Work/++ Web Applications/PageLanes.com/+ Development/LocalServer/tools/grunt-raygun-sourcemaps',
7 silly cache add   type: 'directory' }
8 verbose addLocalDirectory /Users/user/.npm/grunt-raygun-sourcemaps/0.1.0/package.tgz not in flight; packing
9 verbose tar pack [ '/Users/user/.npm/grunt-raygun-sourcemaps/0.1.0/package.tgz',
9 verbose tar pack   '/Users/user/Dropbox/++ Projects & Work/++ Web Applications/PageLanes.com/+ Development/LocalServer/tools/grunt-raygun-sourcemaps' ]
10 verbose tarball /Users/user/.npm/grunt-raygun-sourcemaps/0.1.0/package.tgz
11 verbose folder /Users/user/Dropbox/++ Projects & Work/++ Web Applications/PageLanes.com/+ Development/LocalServer/tools/grunt-raygun-sourcemaps
12 info prepublish grunt-raygun-sourcemaps@0.1.0
13 verbose addLocalTarball adding from inside cache /Users/user/.npm/grunt-raygun-sourcemaps/0.1.0/package.tgz
14 silly cache afterAdd grunt-raygun-sourcemaps@0.1.0
15 verbose afterAdd /Users/user/.npm/grunt-raygun-sourcemaps/0.1.0/package/package.json not in flight; writing
16 verbose afterAdd /Users/user/.npm/grunt-raygun-sourcemaps/0.1.0/package/package.json written
17 silly publish { name: 'grunt-raygun-sourcemaps',
17 silly publish   version: '0.1.0',
17 silly publish   description: 'Grunt plugin to upload multiple sourcemap files to Raygun.io',
17 silly publish   main: 'index.js',
17 silly publish   scripts: { test: 'echo "Error: no test specified" && exit 1' },
17 silly publish   repository:
17 silly publish    { type: 'git',
17 silly publish      url: 'git+https://github.com/clubdesign/grunt-raygun-sourcemaps.git' },
17 silly publish   keywords: [ 'grunt', 'gruntplugin', 'raygun', 'sourcemaps' ],
17 silly publish   author: { name: 'Marcus Pohorely' },
17 silly publish   license: 'MIT',
17 silly publish   bugs: { url: 'https://github.com/clubdesign/grunt-raygun-sourcemaps/issues' },
17 silly publish   homepage: 'https://github.com/clubdesign/grunt-raygun-sourcemaps#readme',
17 silly publish   dependencies: { async: '^1.4.1', chalk: '^1.1.0', restler: '^3.3.0' },
17 silly publish   devDependencies:
17 silly publish    { grunt: '^0.4.5',
17 silly publish      'grunt-contrib-jshint': '^0.11.2',
17 silly publish      'grunt-jsbeautifier': '^0.2.10' },
17 silly publish   readme: '# grunt-raygun-sourcemaps\n\n## still in development, be patient! ;)\n',
17 silly publish   readmeFilename: 'README.md',
17 silly publish   gitHead: '80d3ac2adfd79cfef6d5c02606344a0fd3d550e2',
17 silly publish   _id: 'grunt-raygun-sourcemaps@0.1.0',
17 silly publish   _shasum: 'b729e8cf0101ce4a85bb626ee6a8d14a0c15b730',
17 silly publish   _from: '.' }
18 verbose getPublishConfig undefined
19 silly mapToRegistry name grunt-raygun-sourcemaps
20 silly mapToRegistry using default registry
21 silly mapToRegistry registry https://registry.npmjs.org/
22 silly mapToRegistry uri https://registry.npmjs.org/grunt-raygun-sourcemaps
23 verbose publish registryBase https://registry.npmjs.org/
24 silly publish uploading /Users/user/.npm/grunt-raygun-sourcemaps/0.1.0/package.tgz
25 verbose request uri https://registry.npmjs.org/grunt-raygun-sourcemaps
26 verbose request sending authorization for write operation
27 info attempt registry request try #1 at 01:56:43
28 verbose request using bearer token for auth
29 verbose request id 68e7c8ad9582570d
30 http request PUT https://registry.npmjs.org/grunt-raygun-sourcemaps
31 http 403 https://registry.npmjs.org/grunt-raygun-sourcemaps
32 verbose headers { 'content-type': 'application/json',
32 verbose headers   'cache-control': 'max-age=60',
32 verbose headers   'content-length': '95',
32 verbose headers   'accept-ranges': 'bytes',
32 verbose headers   date: 'Fri, 07 Aug 2015 23:56:44 GMT',
32 verbose headers   via: '1.1 varnish',
32 verbose headers   connection: 'keep-alive',
32 verbose headers   'x-served-by': 'cache-fra1246-FRA',
32 verbose headers   'x-cache': 'MISS',
32 verbose headers   'x-cache-hits': '0',
32 verbose headers   'x-timer': 'S1438991803.669461,VS0,VE740' }
33 verbose request invalidating /Users/user/.npm/registry.npmjs.org/grunt-raygun-sourcemaps on PUT
34 error publish Failed PUT 403
35 verbose stack Error: "You cannot publish over the previously published version 0.1.0." : grunt-raygun-sourcemaps
35 verbose stack     at CachingRegistryClient.<anonymous> (/usr/local/lib/node_modules/npm/node_modules/npm-registry-client/lib/request.js:247:14)
35 verbose stack     at Request._callback (/usr/local/lib/node_modules/npm/node_modules/npm-registry-client/lib/request.js:170:14)
35 verbose stack     at Request.self.callback (/usr/local/lib/node_modules/npm/node_modules/request/request.js:368:22)
35 verbose stack     at Request.emit (events.js:110:17)
35 verbose stack     at Request.<anonymous> (/usr/local/lib/node_modules/npm/node_modules/request/request.js:1219:14)
35 verbose stack     at Request.emit (events.js:129:20)
35 verbose stack     at IncomingMessage.<anonymous> (/usr/local/lib/node_modules/npm/node_modules/request/request.js:1167:12)
35 verbose stack     at IncomingMessage.emit (events.js:129:20)
35 verbose stack     at _stream_readable.js:908:16
35 verbose stack     at process._tickCallback (node.js:355:11)
36 verbose statusCode 403
37 verbose pkgid grunt-raygun-sourcemaps
38 verbose cwd /Users/user/Dropbox/++ Projects & Work/++ Web Applications/PageLanes.com/+ Development/LocalServer/tools/grunt-raygun-sourcemaps
39 error Darwin 14.4.0
40 error argv "node" "/usr/local/bin/npm" "publish"
41 error node v0.12.3
42 error npm  v2.10.0
43 error code E403
44 error "You cannot publish over the previously published version 0.1.0." : grunt-raygun-sourcemaps
45 error If you need help, you may report this error at:
45 error     <https://github.com/npm/npm/issues>
46 verbose exit [ 1, true ]
